<?xml version="1.0" encoding="UTF-8"?>
<testng-results ignored="0" total="1" passed="0" failed="1" skipped="0">
  <reporter-output>
  </reporter-output>
  <suite started-at="2022-06-13T13:34:29 CEST" name="All Test Suite" finished-at="2022-06-13T13:34:44 CEST" duration-ms="14988">
    <groups>
    </groups>
    <test started-at="2022-06-13T13:34:29 CEST" name="HomePage" finished-at="2022-06-13T13:34:44 CEST" duration-ms="14988">
      <class name="com.ecommerce.qa.tests.CartPageTests">
        <test-method is-config="true" signature="readTestData()[pri:0, instance:com.ecommerce.qa.tests.CartPageTests@dc7b462]" started-at="2022-06-13T13:34:29 CEST" name="readTestData" finished-at="2022-06-13T13:34:29 CEST" duration-ms="473" status="PASS">
          <reporter-output>
          </reporter-output>
        </test-method> <!-- readTestData -->
        <test-method is-config="true" signature="setUp()[pri:0, instance:com.ecommerce.qa.tests.CartPageTests@dc7b462]" started-at="2022-06-13T13:34:29 CEST" name="setUp" finished-at="2022-06-13T13:34:34 CEST" duration-ms="4595" status="PASS">
          <reporter-output>
          </reporter-output>
        </test-method> <!-- setUp -->
        <test-method signature="shouldShowAlertForEmptyCart()[pri:0, instance:com.ecommerce.qa.tests.CartPageTests@dc7b462]" started-at="2022-06-13T13:34:34 CEST" name="shouldShowAlertForEmptyCart" finished-at="2022-06-13T13:34:43 CEST" duration-ms="9162" status="FAIL">
          <exception class="java.lang.AssertionError">
            <message>
              <![CDATA[expected [123] but found [Your shopping cart is empty.]]]>
            </message>
            <full-stacktrace>
              <![CDATA[java.lang.AssertionError: expected [123] but found [Your shopping cart is empty.]
at org.testng.Assert.fail(Assert.java:99)
at org.testng.Assert.failNotEquals(Assert.java:1037)
at org.testng.Assert.assertEqualsImpl(Assert.java:140)
at org.testng.Assert.assertEquals(Assert.java:122)
at org.testng.Assert.assertEquals(Assert.java:629)
at org.testng.Assert.assertEquals(Assert.java:639)
at com.ecommerce.qa.tests.CartPageTests.shouldShowAlertForEmptyCart(CartPageTests.java:28)
at java.base/jdk.internal.reflect.NativeMethodAccessorImpl.invoke0(Native Method)
at java.base/jdk.internal.reflect.NativeMethodAccessorImpl.invoke(NativeMethodAccessorImpl.java:77)
at java.base/jdk.internal.reflect.DelegatingMethodAccessorImpl.invoke(DelegatingMethodAccessorImpl.java:43)
at java.base/java.lang.reflect.Method.invoke(Method.java:568)
at org.testng.internal.MethodInvocationHelper.invokeMethod(MethodInvocationHelper.java:133)
at org.testng.internal.TestInvoker.invokeMethod(TestInvoker.java:598)
at org.testng.internal.TestInvoker.invokeTestMethod(TestInvoker.java:173)
at org.testng.internal.MethodRunner.runInSequence(MethodRunner.java:46)
at org.testng.internal.TestInvoker$MethodInvocationAgent.invoke(TestInvoker.java:824)
at org.testng.internal.TestInvoker.invokeTestMethods(TestInvoker.java:146)
at org.testng.internal.TestMethodWorker.invokeTestMethods(TestMethodWorker.java:146)
at org.testng.internal.TestMethodWorker.run(TestMethodWorker.java:128)
at java.base/java.util.concurrent.ThreadPoolExecutor.runWorker(ThreadPoolExecutor.java:1136)
at java.base/java.util.concurrent.ThreadPoolExecutor$Worker.run(ThreadPoolExecutor.java:635)
at java.base/java.lang.Thread.run(Thread.java:833)
]]>
            </full-stacktrace>
          </exception> <!-- java.lang.AssertionError -->
          <reporter-output>
          </reporter-output>
        </test-method> <!-- shouldShowAlertForEmptyCart -->
        <test-method is-config="true" signature="cleanUp()[pri:0, instance:com.ecommerce.qa.tests.CartPageTests@dc7b462]" started-at="2022-06-13T13:34:43 CEST" name="cleanUp" finished-at="2022-06-13T13:34:44 CEST" duration-ms="196" status="PASS">
          <reporter-output>
          </reporter-output>
        </test-method> <!-- cleanUp -->
      </class> <!-- com.ecommerce.qa.tests.CartPageTests -->
    </test> <!-- HomePage -->
  </suite> <!-- All Test Suite -->
</testng-results>
