<?xml version="1.0" encoding="UTF-8"?>
<!-- Generated by org.testng.reporters.JUnitXMLReporter -->
<testsuite ignored="0" hostname="DESKTOP-TQTAUTU" failures="5" tests="7" name="ContactPageTests" time="55.186" errors="0" timestamp="2022-06-18T12:55:41 CEST">
  <testcase classname="com.ecommerce.qa.tests.ContactPageTests" name="shouldChangeSubjectDescription" time="6.904"/>
  <testcase classname="com.ecommerce.qa.tests.ContactPageTests" name="shouldChangeSubjectDescription" time="5.903"/>
  <testcase classname="com.ecommerce.qa.tests.ContactPageTests" name="shouldFailToSubmitContactForm" time="6.243">
    <failure type="org.openqa.selenium.InvalidArgumentException" message="invalid argument: File not found : D:java automationseleniumprojectsecommercesrcmainjavacomecommerceqailescontactFormSendFile.txt
  (Session info: chrome=102.0.5005.115)
Build info: version: &amp;apos;4.2.1&amp;apos;, revision: &amp;apos;ac4d0fdd4a&amp;apos;
System info: host: &amp;apos;DESKTOP-TQTAUTU&amp;apos;, ip: &amp;apos;192.168.8.104&amp;apos;, os.name: &amp;apos;Windows 10&amp;apos;, os.arch: &amp;apos;amd64&amp;apos;, os.version: &amp;apos;10.0&amp;apos;, java.version: &amp;apos;17.0.2&amp;apos;
Driver info: org.openqa.selenium.remote.RemoteWebDriver
Command: [2fddbb0b83c16231f26d0c4446316124, sendKeysToElement {id=ee305c2a-f585-4871-9af4-83e659c00233, value=[Ljava.lang.CharSequence;@757f47f0}]
Capabilities {acceptInsecureCerts: false, browserName: chrome, browserVersion: 102.0.5005.115, chrome: {chromedriverVersion: 102.0.5005.61 (0e59bcc00cc4..., userDataDir: C:\Users\maxim\AppData\Loca...}, goog:chromeOptions: {debuggerAddress: localhost:61036}, networkConnectionEnabled: false, pageLoadStrategy: normal, platformName: WINDOWS, proxy: Proxy(), se:cdp: ws://192.168.8.104:4444/ses..., se:cdpVersion: 102.0.5005.115, setWindowRect: true, strictFileInteractability: false, timeouts: {implicit: 0, pageLoad: 300000, script: 30000}, unhandledPromptBehavior: dismiss and notify, webauthn:extension:credBlob: true, webauthn:extension:largeBlob: true, webauthn:virtualAuthenticators: true}
Element: [[RemoteWebDriver: chrome on WINDOWS (2fddbb0b83c16231f26d0c4446316124)] -&amp;gt; id: fileUpload]
Session ID: 2fddbb0b83c16231f26d0c4446316124">
      <![CDATA[org.openqa.selenium.InvalidArgumentException: invalid argument: File not found : D:java automationseleniumprojectsecommercesrcmainjavacomecommerceqailescontactFormSendFile.txt
  (Session info: chrome=102.0.5005.115)
Build info: version: '4.2.1', revision: 'ac4d0fdd4a'
System info: host: 'DESKTOP-TQTAUTU', ip: '192.168.8.104', os.name: 'Windows 10', os.arch: 'amd64', os.version: '10.0', java.version: '17.0.2'
Driver info: org.openqa.selenium.remote.RemoteWebDriver
Command: [2fddbb0b83c16231f26d0c4446316124, sendKeysToElement {id=ee305c2a-f585-4871-9af4-83e659c00233, value=[Ljava.lang.CharSequence;@757f47f0}]
Capabilities {acceptInsecureCerts: false, browserName: chrome, browserVersion: 102.0.5005.115, chrome: {chromedriverVersion: 102.0.5005.61 (0e59bcc00cc4..., userDataDir: C:\Users\maxim\AppData\Loca...}, goog:chromeOptions: {debuggerAddress: localhost:61036}, networkConnectionEnabled: false, pageLoadStrategy: normal, platformName: WINDOWS, proxy: Proxy(), se:cdp: ws://192.168.8.104:4444/ses..., se:cdpVersion: 102.0.5005.115, setWindowRect: true, strictFileInteractability: false, timeouts: {implicit: 0, pageLoad: 300000, script: 30000}, unhandledPromptBehavior: dismiss and notify, webauthn:extension:credBlob: true, webauthn:extension:largeBlob: true, webauthn:virtualAuthenticators: true}
Element: [[RemoteWebDriver: chrome on WINDOWS (2fddbb0b83c16231f26d0c4446316124)] -> id: fileUpload]
Session ID: 2fddbb0b83c16231f26d0c4446316124
at org.openqa.selenium.remote.codec.w3c.W3CHttpResponseCodec.createException(W3CHttpResponseCodec.java:200)
at org.openqa.selenium.remote.codec.w3c.W3CHttpResponseCodec.decode(W3CHttpResponseCodec.java:133)
at org.openqa.selenium.remote.codec.w3c.W3CHttpResponseCodec.decode(W3CHttpResponseCodec.java:53)
at org.openqa.selenium.remote.HttpCommandExecutor.execute(HttpCommandExecutor.java:184)
at org.openqa.selenium.remote.TracedCommandExecutor.execute(TracedCommandExecutor.java:51)
at org.openqa.selenium.remote.RemoteWebDriver.execute(RemoteWebDriver.java:551)
at org.openqa.selenium.remote.RemoteWebElement.execute(RemoteWebElement.java:257)
at org.openqa.selenium.remote.RemoteWebElement.sendKeys(RemoteWebElement.java:113)
at org.openqa.selenium.support.pagefactory.internal.LocatingElementHandler.invoke(LocatingElementHandler.java:52)
at jdk.proxy2/jdk.proxy2.$Proxy30.sendKeys(Unknown Source)
at com.ecommerce.qa.pageobjects.ContactPage.sendMessage(ContactPage.java:65)
at com.ecommerce.qa.tests.ContactPageTests.shouldFailToSubmitContactForm(ContactPageTests.java:37)
at java.base/java.util.ArrayList.forEach(ArrayList.java:1511)
... Removed 45 stack frames]]>
    </failure>
  </testcase> <!-- shouldFailToSubmitContactForm -->
  <testcase classname="com.ecommerce.qa.tests.ContactPageTests" name="shouldFailToSubmitContactForm" time="5.417">
    <failure type="org.openqa.selenium.InvalidArgumentException" message="invalid argument: File not found : D:java automationseleniumprojectsecommercesrcmainjavacomecommerceqailescontactFormSendFile.txt
  (Session info: chrome=102.0.5005.115)
Build info: version: &amp;apos;4.2.1&amp;apos;, revision: &amp;apos;ac4d0fdd4a&amp;apos;
System info: host: &amp;apos;DESKTOP-TQTAUTU&amp;apos;, ip: &amp;apos;192.168.8.104&amp;apos;, os.name: &amp;apos;Windows 10&amp;apos;, os.arch: &amp;apos;amd64&amp;apos;, os.version: &amp;apos;10.0&amp;apos;, java.version: &amp;apos;17.0.2&amp;apos;
Driver info: org.openqa.selenium.remote.RemoteWebDriver
Command: [1f2bcfc0243307e648c08f5618b8ab69, sendKeysToElement {id=e4366792-9989-4903-81cd-27b67fd2e923, value=[Ljava.lang.CharSequence;@4bba2704}]
Capabilities {acceptInsecureCerts: false, browserName: chrome, browserVersion: 102.0.5005.115, chrome: {chromedriverVersion: 102.0.5005.61 (0e59bcc00cc4..., userDataDir: C:\Users\maxim\AppData\Loca...}, goog:chromeOptions: {debuggerAddress: localhost:61065}, networkConnectionEnabled: false, pageLoadStrategy: normal, platformName: WINDOWS, proxy: Proxy(), se:cdp: ws://192.168.8.104:4444/ses..., se:cdpVersion: 102.0.5005.115, setWindowRect: true, strictFileInteractability: false, timeouts: {implicit: 0, pageLoad: 300000, script: 30000}, unhandledPromptBehavior: dismiss and notify, webauthn:extension:credBlob: true, webauthn:extension:largeBlob: true, webauthn:virtualAuthenticators: true}
Element: [[RemoteWebDriver: chrome on WINDOWS (1f2bcfc0243307e648c08f5618b8ab69)] -&amp;gt; id: fileUpload]
Session ID: 1f2bcfc0243307e648c08f5618b8ab69">
      <![CDATA[org.openqa.selenium.InvalidArgumentException: invalid argument: File not found : D:java automationseleniumprojectsecommercesrcmainjavacomecommerceqailescontactFormSendFile.txt
  (Session info: chrome=102.0.5005.115)
Build info: version: '4.2.1', revision: 'ac4d0fdd4a'
System info: host: 'DESKTOP-TQTAUTU', ip: '192.168.8.104', os.name: 'Windows 10', os.arch: 'amd64', os.version: '10.0', java.version: '17.0.2'
Driver info: org.openqa.selenium.remote.RemoteWebDriver
Command: [1f2bcfc0243307e648c08f5618b8ab69, sendKeysToElement {id=e4366792-9989-4903-81cd-27b67fd2e923, value=[Ljava.lang.CharSequence;@4bba2704}]
Capabilities {acceptInsecureCerts: false, browserName: chrome, browserVersion: 102.0.5005.115, chrome: {chromedriverVersion: 102.0.5005.61 (0e59bcc00cc4..., userDataDir: C:\Users\maxim\AppData\Loca...}, goog:chromeOptions: {debuggerAddress: localhost:61065}, networkConnectionEnabled: false, pageLoadStrategy: normal, platformName: WINDOWS, proxy: Proxy(), se:cdp: ws://192.168.8.104:4444/ses..., se:cdpVersion: 102.0.5005.115, setWindowRect: true, strictFileInteractability: false, timeouts: {implicit: 0, pageLoad: 300000, script: 30000}, unhandledPromptBehavior: dismiss and notify, webauthn:extension:credBlob: true, webauthn:extension:largeBlob: true, webauthn:virtualAuthenticators: true}
Element: [[RemoteWebDriver: chrome on WINDOWS (1f2bcfc0243307e648c08f5618b8ab69)] -> id: fileUpload]
Session ID: 1f2bcfc0243307e648c08f5618b8ab69
at org.openqa.selenium.remote.codec.w3c.W3CHttpResponseCodec.createException(W3CHttpResponseCodec.java:200)
at org.openqa.selenium.remote.codec.w3c.W3CHttpResponseCodec.decode(W3CHttpResponseCodec.java:133)
at org.openqa.selenium.remote.codec.w3c.W3CHttpResponseCodec.decode(W3CHttpResponseCodec.java:53)
at org.openqa.selenium.remote.HttpCommandExecutor.execute(HttpCommandExecutor.java:184)
at org.openqa.selenium.remote.TracedCommandExecutor.execute(TracedCommandExecutor.java:51)
at org.openqa.selenium.remote.RemoteWebDriver.execute(RemoteWebDriver.java:551)
at org.openqa.selenium.remote.RemoteWebElement.execute(RemoteWebElement.java:257)
at org.openqa.selenium.remote.RemoteWebElement.sendKeys(RemoteWebElement.java:113)
at org.openqa.selenium.support.pagefactory.internal.LocatingElementHandler.invoke(LocatingElementHandler.java:52)
at jdk.proxy2/jdk.proxy2.$Proxy30.sendKeys(Unknown Source)
at com.ecommerce.qa.pageobjects.ContactPage.sendMessage(ContactPage.java:65)
at com.ecommerce.qa.tests.ContactPageTests.shouldFailToSubmitContactForm(ContactPageTests.java:37)
at java.base/java.util.ArrayList.forEach(ArrayList.java:1511)
... Removed 45 stack frames]]>
    </failure>
  </testcase> <!-- shouldFailToSubmitContactForm -->
  <testcase classname="com.ecommerce.qa.tests.ContactPageTests" name="shouldFailToSubmitContactForm" time="5.501">
    <failure type="org.openqa.selenium.InvalidArgumentException" message="invalid argument: File not found : D:java automationseleniumprojectsecommercesrcmainjavacomecommerceqailescontactFormSendFile.txt
  (Session info: chrome=102.0.5005.115)
Build info: version: &amp;apos;4.2.1&amp;apos;, revision: &amp;apos;ac4d0fdd4a&amp;apos;
System info: host: &amp;apos;DESKTOP-TQTAUTU&amp;apos;, ip: &amp;apos;192.168.8.104&amp;apos;, os.name: &amp;apos;Windows 10&amp;apos;, os.arch: &amp;apos;amd64&amp;apos;, os.version: &amp;apos;10.0&amp;apos;, java.version: &amp;apos;17.0.2&amp;apos;
Driver info: org.openqa.selenium.remote.RemoteWebDriver
Command: [ed45835c4694a71ddfba761d3a8afd81, sendKeysToElement {id=33e6ea03-d5e2-462e-8ab1-ab1c4705241b, value=[Ljava.lang.CharSequence;@1964ef9}]
Capabilities {acceptInsecureCerts: false, browserName: chrome, browserVersion: 102.0.5005.115, chrome: {chromedriverVersion: 102.0.5005.61 (0e59bcc00cc4..., userDataDir: C:\Users\maxim\AppData\Loca...}, goog:chromeOptions: {debuggerAddress: localhost:61095}, networkConnectionEnabled: false, pageLoadStrategy: normal, platformName: WINDOWS, proxy: Proxy(), se:cdp: ws://192.168.8.104:4444/ses..., se:cdpVersion: 102.0.5005.115, setWindowRect: true, strictFileInteractability: false, timeouts: {implicit: 0, pageLoad: 300000, script: 30000}, unhandledPromptBehavior: dismiss and notify, webauthn:extension:credBlob: true, webauthn:extension:largeBlob: true, webauthn:virtualAuthenticators: true}
Element: [[RemoteWebDriver: chrome on WINDOWS (ed45835c4694a71ddfba761d3a8afd81)] -&amp;gt; id: fileUpload]
Session ID: ed45835c4694a71ddfba761d3a8afd81">
      <![CDATA[org.openqa.selenium.InvalidArgumentException: invalid argument: File not found : D:java automationseleniumprojectsecommercesrcmainjavacomecommerceqailescontactFormSendFile.txt
  (Session info: chrome=102.0.5005.115)
Build info: version: '4.2.1', revision: 'ac4d0fdd4a'
System info: host: 'DESKTOP-TQTAUTU', ip: '192.168.8.104', os.name: 'Windows 10', os.arch: 'amd64', os.version: '10.0', java.version: '17.0.2'
Driver info: org.openqa.selenium.remote.RemoteWebDriver
Command: [ed45835c4694a71ddfba761d3a8afd81, sendKeysToElement {id=33e6ea03-d5e2-462e-8ab1-ab1c4705241b, value=[Ljava.lang.CharSequence;@1964ef9}]
Capabilities {acceptInsecureCerts: false, browserName: chrome, browserVersion: 102.0.5005.115, chrome: {chromedriverVersion: 102.0.5005.61 (0e59bcc00cc4..., userDataDir: C:\Users\maxim\AppData\Loca...}, goog:chromeOptions: {debuggerAddress: localhost:61095}, networkConnectionEnabled: false, pageLoadStrategy: normal, platformName: WINDOWS, proxy: Proxy(), se:cdp: ws://192.168.8.104:4444/ses..., se:cdpVersion: 102.0.5005.115, setWindowRect: true, strictFileInteractability: false, timeouts: {implicit: 0, pageLoad: 300000, script: 30000}, unhandledPromptBehavior: dismiss and notify, webauthn:extension:credBlob: true, webauthn:extension:largeBlob: true, webauthn:virtualAuthenticators: true}
Element: [[RemoteWebDriver: chrome on WINDOWS (ed45835c4694a71ddfba761d3a8afd81)] -> id: fileUpload]
Session ID: ed45835c4694a71ddfba761d3a8afd81
at org.openqa.selenium.remote.codec.w3c.W3CHttpResponseCodec.createException(W3CHttpResponseCodec.java:200)
at org.openqa.selenium.remote.codec.w3c.W3CHttpResponseCodec.decode(W3CHttpResponseCodec.java:133)
at org.openqa.selenium.remote.codec.w3c.W3CHttpResponseCodec.decode(W3CHttpResponseCodec.java:53)
at org.openqa.selenium.remote.HttpCommandExecutor.execute(HttpCommandExecutor.java:184)
at org.openqa.selenium.remote.TracedCommandExecutor.execute(TracedCommandExecutor.java:51)
at org.openqa.selenium.remote.RemoteWebDriver.execute(RemoteWebDriver.java:551)
at org.openqa.selenium.remote.RemoteWebElement.execute(RemoteWebElement.java:257)
at org.openqa.selenium.remote.RemoteWebElement.sendKeys(RemoteWebElement.java:113)
at org.openqa.selenium.support.pagefactory.internal.LocatingElementHandler.invoke(LocatingElementHandler.java:52)
at jdk.proxy2/jdk.proxy2.$Proxy30.sendKeys(Unknown Source)
at com.ecommerce.qa.pageobjects.ContactPage.sendMessage(ContactPage.java:65)
at com.ecommerce.qa.tests.ContactPageTests.shouldFailToSubmitContactForm(ContactPageTests.java:37)
at java.base/java.util.ArrayList.forEach(ArrayList.java:1511)
... Removed 44 stack frames]]>
    </failure>
  </testcase> <!-- shouldFailToSubmitContactForm -->
  <testcase classname="com.ecommerce.qa.tests.ContactPageTests" name="shouldSuccessfullySubmitContactUsForm" time="5.467">
    <failure type="org.openqa.selenium.InvalidArgumentException" message="invalid argument: File not found : D:java automationseleniumprojectsecommercesrcmainjavacomecommerceqailescontactFormSendFile.txt
  (Session info: chrome=102.0.5005.115)
Build info: version: &amp;apos;4.2.1&amp;apos;, revision: &amp;apos;ac4d0fdd4a&amp;apos;
System info: host: &amp;apos;DESKTOP-TQTAUTU&amp;apos;, ip: &amp;apos;192.168.8.104&amp;apos;, os.name: &amp;apos;Windows 10&amp;apos;, os.arch: &amp;apos;amd64&amp;apos;, os.version: &amp;apos;10.0&amp;apos;, java.version: &amp;apos;17.0.2&amp;apos;
Driver info: org.openqa.selenium.remote.RemoteWebDriver
Command: [6b47e27d51fd44259349ac20e02084dd, sendKeysToElement {id=08462094-92df-4ff5-8a07-51dbc5ae5594, value=[Ljava.lang.CharSequence;@6af02de0}]
Capabilities {acceptInsecureCerts: false, browserName: chrome, browserVersion: 102.0.5005.115, chrome: {chromedriverVersion: 102.0.5005.61 (0e59bcc00cc4..., userDataDir: C:\Users\maxim\AppData\Loca...}, goog:chromeOptions: {debuggerAddress: localhost:61124}, networkConnectionEnabled: false, pageLoadStrategy: normal, platformName: WINDOWS, proxy: Proxy(), se:cdp: ws://192.168.8.104:4444/ses..., se:cdpVersion: 102.0.5005.115, setWindowRect: true, strictFileInteractability: false, timeouts: {implicit: 0, pageLoad: 300000, script: 30000}, unhandledPromptBehavior: dismiss and notify, webauthn:extension:credBlob: true, webauthn:extension:largeBlob: true, webauthn:virtualAuthenticators: true}
Element: [[RemoteWebDriver: chrome on WINDOWS (6b47e27d51fd44259349ac20e02084dd)] -&amp;gt; id: fileUpload]
Session ID: 6b47e27d51fd44259349ac20e02084dd">
      <![CDATA[org.openqa.selenium.InvalidArgumentException: invalid argument: File not found : D:java automationseleniumprojectsecommercesrcmainjavacomecommerceqailescontactFormSendFile.txt
  (Session info: chrome=102.0.5005.115)
Build info: version: '4.2.1', revision: 'ac4d0fdd4a'
System info: host: 'DESKTOP-TQTAUTU', ip: '192.168.8.104', os.name: 'Windows 10', os.arch: 'amd64', os.version: '10.0', java.version: '17.0.2'
Driver info: org.openqa.selenium.remote.RemoteWebDriver
Command: [6b47e27d51fd44259349ac20e02084dd, sendKeysToElement {id=08462094-92df-4ff5-8a07-51dbc5ae5594, value=[Ljava.lang.CharSequence;@6af02de0}]
Capabilities {acceptInsecureCerts: false, browserName: chrome, browserVersion: 102.0.5005.115, chrome: {chromedriverVersion: 102.0.5005.61 (0e59bcc00cc4..., userDataDir: C:\Users\maxim\AppData\Loca...}, goog:chromeOptions: {debuggerAddress: localhost:61124}, networkConnectionEnabled: false, pageLoadStrategy: normal, platformName: WINDOWS, proxy: Proxy(), se:cdp: ws://192.168.8.104:4444/ses..., se:cdpVersion: 102.0.5005.115, setWindowRect: true, strictFileInteractability: false, timeouts: {implicit: 0, pageLoad: 300000, script: 30000}, unhandledPromptBehavior: dismiss and notify, webauthn:extension:credBlob: true, webauthn:extension:largeBlob: true, webauthn:virtualAuthenticators: true}
Element: [[RemoteWebDriver: chrome on WINDOWS (6b47e27d51fd44259349ac20e02084dd)] -> id: fileUpload]
Session ID: 6b47e27d51fd44259349ac20e02084dd
at org.openqa.selenium.remote.codec.w3c.W3CHttpResponseCodec.createException(W3CHttpResponseCodec.java:200)
at org.openqa.selenium.remote.codec.w3c.W3CHttpResponseCodec.decode(W3CHttpResponseCodec.java:133)
at org.openqa.selenium.remote.codec.w3c.W3CHttpResponseCodec.decode(W3CHttpResponseCodec.java:53)
at org.openqa.selenium.remote.HttpCommandExecutor.execute(HttpCommandExecutor.java:184)
at org.openqa.selenium.remote.TracedCommandExecutor.execute(TracedCommandExecutor.java:51)
at org.openqa.selenium.remote.RemoteWebDriver.execute(RemoteWebDriver.java:551)
at org.openqa.selenium.remote.RemoteWebElement.execute(RemoteWebElement.java:257)
at org.openqa.selenium.remote.RemoteWebElement.sendKeys(RemoteWebElement.java:113)
at org.openqa.selenium.support.pagefactory.internal.LocatingElementHandler.invoke(LocatingElementHandler.java:52)
at jdk.proxy2/jdk.proxy2.$Proxy30.sendKeys(Unknown Source)
at com.ecommerce.qa.pageobjects.ContactPage.sendMessage(ContactPage.java:65)
at com.ecommerce.qa.tests.ContactPageTests.shouldSuccessfullySubmitContactUsForm(ContactPageTests.java:27)
at java.base/java.util.ArrayList.forEach(ArrayList.java:1511)
... Removed 44 stack frames]]>
    </failure>
  </testcase> <!-- shouldSuccessfullySubmitContactUsForm -->
  <testcase classname="com.ecommerce.qa.tests.ContactPageTests" name="shouldSuccessfullySubmitContactUsForm" time="8.784">
    <failure type="org.openqa.selenium.InvalidArgumentException" message="invalid argument: File not found : D:java automationseleniumprojectsecommercesrcmainjavacomecommerceqailescontactFormSendFile.txt
  (Session info: chrome=102.0.5005.115)
Build info: version: &amp;apos;4.2.1&amp;apos;, revision: &amp;apos;ac4d0fdd4a&amp;apos;
System info: host: &amp;apos;DESKTOP-TQTAUTU&amp;apos;, ip: &amp;apos;192.168.8.104&amp;apos;, os.name: &amp;apos;Windows 10&amp;apos;, os.arch: &amp;apos;amd64&amp;apos;, os.version: &amp;apos;10.0&amp;apos;, java.version: &amp;apos;17.0.2&amp;apos;
Driver info: org.openqa.selenium.remote.RemoteWebDriver
Command: [4acd7559f48355ad3e24cb1e43f65ddf, sendKeysToElement {id=f6ff55be-e3e6-498c-b057-df82b5159bb0, value=[Ljava.lang.CharSequence;@624268ab}]
Capabilities {acceptInsecureCerts: false, browserName: chrome, browserVersion: 102.0.5005.115, chrome: {chromedriverVersion: 102.0.5005.61 (0e59bcc00cc4..., userDataDir: C:\Users\maxim\AppData\Loca...}, goog:chromeOptions: {debuggerAddress: localhost:61153}, networkConnectionEnabled: false, pageLoadStrategy: normal, platformName: WINDOWS, proxy: Proxy(), se:cdp: ws://192.168.8.104:4444/ses..., se:cdpVersion: 102.0.5005.115, setWindowRect: true, strictFileInteractability: false, timeouts: {implicit: 0, pageLoad: 300000, script: 30000}, unhandledPromptBehavior: dismiss and notify, webauthn:extension:credBlob: true, webauthn:extension:largeBlob: true, webauthn:virtualAuthenticators: true}
Element: [[RemoteWebDriver: chrome on WINDOWS (4acd7559f48355ad3e24cb1e43f65ddf)] -&amp;gt; id: fileUpload]
Session ID: 4acd7559f48355ad3e24cb1e43f65ddf">
      <![CDATA[org.openqa.selenium.InvalidArgumentException: invalid argument: File not found : D:java automationseleniumprojectsecommercesrcmainjavacomecommerceqailescontactFormSendFile.txt
  (Session info: chrome=102.0.5005.115)
Build info: version: '4.2.1', revision: 'ac4d0fdd4a'
System info: host: 'DESKTOP-TQTAUTU', ip: '192.168.8.104', os.name: 'Windows 10', os.arch: 'amd64', os.version: '10.0', java.version: '17.0.2'
Driver info: org.openqa.selenium.remote.RemoteWebDriver
Command: [4acd7559f48355ad3e24cb1e43f65ddf, sendKeysToElement {id=f6ff55be-e3e6-498c-b057-df82b5159bb0, value=[Ljava.lang.CharSequence;@624268ab}]
Capabilities {acceptInsecureCerts: false, browserName: chrome, browserVersion: 102.0.5005.115, chrome: {chromedriverVersion: 102.0.5005.61 (0e59bcc00cc4..., userDataDir: C:\Users\maxim\AppData\Loca...}, goog:chromeOptions: {debuggerAddress: localhost:61153}, networkConnectionEnabled: false, pageLoadStrategy: normal, platformName: WINDOWS, proxy: Proxy(), se:cdp: ws://192.168.8.104:4444/ses..., se:cdpVersion: 102.0.5005.115, setWindowRect: true, strictFileInteractability: false, timeouts: {implicit: 0, pageLoad: 300000, script: 30000}, unhandledPromptBehavior: dismiss and notify, webauthn:extension:credBlob: true, webauthn:extension:largeBlob: true, webauthn:virtualAuthenticators: true}
Element: [[RemoteWebDriver: chrome on WINDOWS (4acd7559f48355ad3e24cb1e43f65ddf)] -> id: fileUpload]
Session ID: 4acd7559f48355ad3e24cb1e43f65ddf
at org.openqa.selenium.remote.codec.w3c.W3CHttpResponseCodec.createException(W3CHttpResponseCodec.java:200)
at org.openqa.selenium.remote.codec.w3c.W3CHttpResponseCodec.decode(W3CHttpResponseCodec.java:133)
at org.openqa.selenium.remote.codec.w3c.W3CHttpResponseCodec.decode(W3CHttpResponseCodec.java:53)
at org.openqa.selenium.remote.HttpCommandExecutor.execute(HttpCommandExecutor.java:184)
at org.openqa.selenium.remote.TracedCommandExecutor.execute(TracedCommandExecutor.java:51)
at org.openqa.selenium.remote.RemoteWebDriver.execute(RemoteWebDriver.java:551)
at org.openqa.selenium.remote.RemoteWebElement.execute(RemoteWebElement.java:257)
at org.openqa.selenium.remote.RemoteWebElement.sendKeys(RemoteWebElement.java:113)
at org.openqa.selenium.support.pagefactory.internal.LocatingElementHandler.invoke(LocatingElementHandler.java:52)
at jdk.proxy2/jdk.proxy2.$Proxy30.sendKeys(Unknown Source)
at com.ecommerce.qa.pageobjects.ContactPage.sendMessage(ContactPage.java:65)
at com.ecommerce.qa.tests.ContactPageTests.shouldSuccessfullySubmitContactUsForm(ContactPageTests.java:27)
at java.base/java.util.ArrayList.forEach(ArrayList.java:1511)
... Removed 44 stack frames]]>
    </failure>
  </testcase> <!-- shouldSuccessfullySubmitContactUsForm -->
</testsuite> <!-- ContactPageTests -->
