<?xml version="1.0" encoding="UTF-8"?>
<!-- Generated by org.testng.reporters.JUnitXMLReporter -->
<testsuite ignored="0" hostname="DESKTOP-TQTAUTU" failures="1" tests="1" name="HomePage" time="14.988" errors="0" timestamp="2022-06-13T13:34:44 CEST">
  <testcase classname="com.ecommerce.qa.tests.CartPageTests" name="shouldShowAlertForEmptyCart" time="9.162">
    <failure type="java.lang.AssertionError" message="expected [123] but found [Your shopping cart is empty.]">
      <![CDATA[java.lang.AssertionError: expected [123] but found [Your shopping cart is empty.]
at com.ecommerce.qa.tests.CartPageTests.shouldShowAlertForEmptyCart(CartPageTests.java:28)
at java.base/java.util.concurrent.ThreadPoolExecutor.runWorker(ThreadPoolExecutor.java:1136)
at java.base/java.util.concurrent.ThreadPoolExecutor$Worker.run(ThreadPoolExecutor.java:635)
at java.base/java.lang.Thread.run(Thread.java:833)
... Removed 18 stack frames]]>
    </failure>
  </testcase> <!-- shouldShowAlertForEmptyCart -->
</testsuite> <!-- HomePage -->
